<?xml version="1.0" encoding="UTF-8"?>
<!-- Generated by org.testng.reporters.JUnitReportReporter -->
<testsuite skipped="0" hostname="KORAT" name="com.practise.web2" tests="3" failures="0" timestamp="2022-11-22T17:57:51 EST" time="0.005" errors="0">
  <testcase name="webMethod2" time="0.000" classname="com.practise.web2"/>
  <system-out/>
  <testcase name="callMethod2" time="0.005" classname="com.practise.web2"/>
  <system-out/>
  <testcase name="phoneMethod2" time="0.000" classname="com.practise.web2"/>
  <system-out/>
</testsuite> <!-- com.practise.web2 -->
